
# 导航系统自动激活问题修复详细日志

## 问题描述
在运行 navigation_with_robot.launch.py 时，导航系统的各个节点（如 controller_server、planner_server 等）处于 "inactive" 或 "unconfigured" 状态，需要手动激活才能正常工作。这导致代价地图无法自动发布数据，路径规划功能也无法正常使用。

## 问题分析过程

### 1. 初始检查
- 使用 `ros2 node list` 检查运行的节点，确认所有导航节点都已启动
- 使用 `ros2 topic list` 检查话题，确认代价地图和路径规划相关话题都已创建
- 使用 `ros2 lifecycle get` 检查各个节点的生命周期状态，发现多个节点处于 "inactive" 或 "unconfigured" 状态

### 2. 生命周期管理器检查
- 尝试检查生命周期管理器状态：`ros2 lifecycle get /lifecycle_manager_navigation`
- 发现返回 "Node not found"，表明生命周期管理器可能没有正确启动或配置

### 3. 配置文件检查
- 检查 nav2_params.yaml 文件中的生命周期管理器配置
- 发现配置中设置了 `autostart: True`，但节点名称没有前缀斜杠
- 检查实际运行的节点名称，发现它们都有前缀斜杠（如 /planner_server）

### 4. 根本原因
生命周期管理器配置中的节点名称与实际运行的节点名称不匹配：
- 配置文件中：planner_server
- 实际运行中：/planner_server

这导致生命周期管理器无法找到并管理这些节点，因此无法自动激活它们。

## 解决方案

### 1. 修改 navigation_with_robot.launch.py 文件
在修改 nav2_params.yaml 之前，我们首先修改了 navigation_with_robot.launch.py 文件，添加了缺少的静态 TF 发布节点，并修正了雷达 TF 发布的 Z 轴高度：

修改前：
```python
# 4. 静态TF - base_link到laser_frame
Node(
    package='tf2_ros',
    executable='static_transform_publisher',
    arguments=['0', '0', '0.1', '0', '0', '0', 'base_link', 'laser_frame'],
    name='base_link_to_laser_tf'
),

# 5. SLAM Toolbox - 实时建图
```

修改后：
```python
# 4. 静态TF - base_link到laser_frame
Node(
    package='tf2_ros',
    executable='static_transform_publisher',
    arguments=['0', '0', '0', '0', '0', '0', 'base_link', 'laser_frame'],
    name='base_link_to_laser_tf'
),

# 5. 静态TF - odom到base_link
Node(
    package='tf2_ros',
    executable='static_transform_publisher',
    arguments=['0', '0', '0', '0', '0', '0', 'odom', 'base_link'],
    name='odom_to_base_link_tf'
),

# 6. SLAM Toolbox - 实时建图
```

这个修改解决了两个问题：
1. 添加了 odom 到 base_link 的静态 TF 发布，确保了完整的 TF 树（map → odom → base_link → laser_frame）
2. 修正了 base_link 到 laser_frame 的 Z 轴高度从 0.1 改为 0，与 slam_with_robot_model.launch.py 保持一致

这些修改确保了：
- 地图能够正确发布和显示
- 机器人模型能够在 RViz2 中正确显示
- 雷达数据与机器人模型正确对齐

### 2. 修改 nav2_params.yaml 文件
为生命周期管理器配置中的所有节点名称添加前缀斜杠，并添加代价地图节点：

修改前：
```yaml
lifecycle_manager_navigation:
  ros__parameters:
    use_sim_time: False
    autostart: True
    node_names:
      - planner_server
      - controller_server
      - behavior_server
      - bt_navigator
      - waypoint_follower
      - smoother_server
```

修改后：
```yaml
lifecycle_manager_navigation:
  ros__parameters:
    use_sim_time: False
    autostart: True
    node_names:
      - /planner_server
      - /controller_server
      - /behavior_server
      - /bt_navigator
      - /waypoint_follower
      - /smoother_server
      - /global_costmap/global_costmap
      - /local_costmap/local_costmap
```

### 2. 重新编译工作区
```bash
cd /home/cobrander/RDK_X5/robot_ws
colcon build --symlink-install
source install/setup.bash
```

### 3. 重启导航系统
```bash
ros2 launch alloy_chassis_mecanum navigation_with_robot.launch.py
```

## 验证结果

### 1. 节点状态检查
使用 `ros2 lifecycle get` 命令检查各个节点状态，确认它们都已自动激活为 "active" 状态：
- /controller_server: active
- /planner_server: active
- /behavior_server: active
- /bt_navigator: active
- /smoother_server: active
- /global_costmap/global_costmap: active
- /local_costmap/local_costmap: active

### 2. 代价地图检查
使用 `ros2 topic echo /global_costmap/costmap --once` 确认代价地图正在发布数据。

### 3. 路径规划检查
确认路径规划话题（/plan）正常工作，可以在 RViz2 中设置导航目标点并生成路径。

## 技术要点

### 1. ROS2 生命周期管理
ROS2 使用生命周期管理器来管理节点的生命周期状态，包括：
- unconfigured（未配置）
- inactive（非活动）
- active（活动）
- finalized（已终结）

生命周期管理器负责将节点从 unconfigured 状态转换为 active 状态。

### 2. 节点命名空间
在 ROS2 中，节点名称可以有命名空间，通常以斜杠（/）开头表示全局命名空间。生命周期管理器需要精确匹配节点名称才能管理它们。

### 3. 导航系统架构
Nav2 导航系统由多个组件组成，包括：
- 规划器服务器（planner_server）：负责全局路径规划
- 控制器服务器（controller_server）：负责局部路径规划和控制
- 行为服务器（behavior_server）：负责执行特定行为（如旋转、后退等）
- 行为树导航器（bt_navigator）：负责协调导航行为
- 平滑服务器（smoother_server）：负责路径平滑
- 代价地图（global_costmap 和 local_costmap）：负责环境建模

所有这些组件都需要被生命周期管理器管理，以确保它们在正确的状态下运行。

## 总结

通过修改 nav2_params.yaml 文件中的生命周期管理器配置，确保节点名称与实际运行的节点名称完全匹配，解决了导航系统需要手动激活的问题。现在导航系统可以自动激活所有节点，代价地图能够正常发布数据，路径规划功能也能正常使用。

这个问题的根本原因是节点名称不匹配，这是 ROS2 中常见的问题，特别是在使用多个启动文件和配置文件时。确保配置文件中的节点名称与实际运行的节点名称完全匹配，对于正确使用 ROS2 的生命周期管理功能至关重要。
